<?xml version="1.0" ?>
<coverage branch-rate="0" branches-covered="0" branches-valid="0" complexity="0" line-rate="0.8" lines-covered="4" lines-valid="5" timestamp="1577808326462" version="5.0.1">
	<!-- Generated by coverage.py: https://coverage.readthedocs.io -->
	<!-- Based on https://raw.githubusercontent.com/cobertura/web/master/htdocs/xml/coverage-04.dtd -->
	<sources>
		<source>C:\Users\梁育诚\Desktop\Kok-Kip\backend\tests</source>
	</sources>
	<packages>
		<package branch-rate="0" complexity="0" line-rate="0.8" name=".">
			<classes>
				<class branch-rate="0" complexity="0" filename="test_api.py" line-rate="0.8" name="test_api.py">
					<methods/>
					<lines>
						<line hits="1" number="3"/>
						<line hits="1" number="6"/>
						<line hits="1" number="7"/>
						<line hits="1" number="10"/>
						<line hits="0" number="11"/>
					</lines>
				</class>
			</classes>
		</package>
	</packages>
</coverage>
